Invalid HTTP_HOST header: 'www.baidu.com'. You may need to add u'www.baidu.com' to ALLOWED_HOSTS.
[08/Jun/2017 01:35:14] "GET http://www.baidu.com/cache/global/img/gs.gif HTTP/1.1" 400 60338
[08/Jun/2017 01:46:45] code 400, message Bad request version ('MCTP/1.0')
[08/Jun/2017 01:46:45] "REMOTE HI_SRDK_DEV_GetHddInfo MCTP/1.0" 400 -
Invalid HTTP_HOST header: 'www.baidu.com'. You may need to add u'www.baidu.com' to ALLOWED_HOSTS.
[08/Jun/2017 01:47:54] "GET http://www.baidu.com/cache/global/img/gs.gif HTTP/1.1" 400 60338
Traceback (most recent call last):
  File "/usr/lib/python2.7/wsgiref/handlers.py", line 86, in run
    self.finish_response()
  File "/usr/lib/python2.7/wsgiref/handlers.py", line 128, in finish_response
    self.write(data)
  File "/usr/lib/python2.7/wsgiref/handlers.py", line 217, in write
    self._write(data)
  File "/usr/lib/python2.7/socket.py", line 328, in write
    self.flush()
  File "/usr/lib/python2.7/socket.py", line 307, in flush
    self._sock.sendall(view[write_offset:write_offset+buffer_size])
error: [Errno 104] Connection reset by peer
[08/Jun/2017 01:47:54] "GET http://www.baidu.com/cache/global/img/gs.gif HTTP/1.1" 500 59
[2017-06-08 01:47:54,295] - Broken pipe from ('93.174.93.136', 54204)

Invalid HTTP_HOST header: 'www.baidu.com'. You may need to add u'www.baidu.com' to ALLOWED_HOSTS.
[08/Jun/2017 02:10:33] "GET http://www.baidu.com/cache/global/img/gs.gif HTTP/1.1" 400 60338
Traceback (most recent call last):
  File "/usr/lib/python2.7/wsgiref/handlers.py", line 86, in run
    self.finish_response()
  File "/usr/lib/python2.7/wsgiref/handlers.py", line 128, in finish_response
    self.write(data)
  File "/usr/lib/python2.7/wsgiref/handlers.py", line 217, in write
    self._write(data)
  File "/usr/lib/python2.7/socket.py", line 328, in write
    self.flush()
  File "/usr/lib/python2.7/socket.py", line 307, in flush
    self._sock.sendall(view[write_offset:write_offset+buffer_size])
error: [Errno 104] Connection reset by peer
[08/Jun/2017 02:10:33] "GET http://www.baidu.com/cache/global/img/gs.gif HTTP/1.1" 500 59
[2017-06-08 02:10:33,572] - Broken pipe from ('93.174.93.136', 58861)

[08/Jun/2017 02:19:41] "GET /test/ HTTP/1.1" 200 2262
